graph.cpp:22:27: error: ‘u64’ was not declared in this scope
 static std::unordered_map<u64, std::unordered_set<u64>> edge_list;
                           ^
graph.cpp:22:51: error: ‘u64’ was not declared in this scope
 static std::unordered_map<u64, std::unordered_set<u64>> edge_list;
                                                   ^
graph.cpp:22:51: error: template argument 1 is invalid
graph.cpp:22:51: error: template argument 2 is invalid
graph.cpp:22:51: error: template argument 3 is invalid
graph.cpp:22:51: error: template argument 4 is invalid
graph.cpp:22:54: error: template argument 1 is invalid
 static std::unordered_map<u64, std::unordered_set<u64>> edge_list;
                                                      ^
graph.cpp:22:54: error: template argument 2 is invalid
graph.cpp:22:54: error: template argument 3 is invalid
graph.cpp:22:54: error: template argument 4 is invalid
graph.cpp:22:54: error: template argument 5 is invalid
graph.cpp:22:66: error: invalid type in declaration before ‘;’ token
 static std::unordered_map<u64, std::unordered_set<u64>> edge_list;
                                                                  ^
graph.cpp:26:1: error: ‘StorageLog’ does not name a type
 StorageLog* storageLogp;
 ^
graph.cpp:48:13: error: ‘u64’ was not declared in this scope
 std::vector<u64> get_args(const char* p)
             ^
graph.cpp:48:16: error: template argument 1 is invalid
 std::vector<u64> get_args(const char* p)
                ^
graph.cpp:48:16: error: template argument 2 is invalid
graph.cpp: In function ‘int get_args(const char*)’:
graph.cpp:50:15: error: ‘u64’ was not declared in this scope
   std::vector<u64> result;
               ^
graph.cpp:50:18: error: template argument 1 is invalid
   std::vector<u64> result;
                  ^
graph.cpp:50:18: error: template argument 2 is invalid
graph.cpp:50:26: error: invalid type in declaration before ‘;’ token
   std::vector<u64> result;
                          ^
graph.cpp:60:14: error: request for member ‘push_back’ in ‘result’, which is of non-class type ‘int’
       result.push_back(strtoull(tokens[i].ptr, NULL, 10));
              ^
graph.cpp: At global scope:
graph.cpp:67:33: error: ‘u64’ was not declared in this scope
 bool add_node(const std::vector<u64>& args)
                                 ^
graph.cpp:67:36: error: template argument 1 is invalid
 bool add_node(const std::vector<u64>& args)
                                    ^
graph.cpp:67:36: error: template argument 2 is invalid
graph.cpp: In function ‘bool add_node(const int&)’:
graph.cpp:70:16: error: request for member ‘find’ in ‘edge_list’, which is of non-class type ‘int’
   if(edge_list.find(args[0]) != edge_list.end())
                ^
graph.cpp:70:27: error: invalid types ‘const int[int]’ for array subscript
   if(edge_list.find(args[0]) != edge_list.end())
                           ^
graph.cpp:70:43: error: request for member ‘end’ in ‘edge_list’, which is of non-class type ‘int’
   if(edge_list.find(args[0]) != edge_list.end())
                                           ^
graph.cpp:76:21: error: invalid types ‘const int[int]’ for array subscript
     edge_list[args[0]];   
                     ^
graph.cpp: At global scope:
graph.cpp:84:32: error: ‘u64’ was not declared in this scope
 int add_edge(const std::vector<u64>& args)
                                ^
graph.cpp:84:35: error: template argument 1 is invalid
 int add_edge(const std::vector<u64>& args)
                                   ^
graph.cpp:84:35: error: template argument 2 is invalid
graph.cpp: In function ‘int add_edge(const int&)’:
graph.cpp:87:12: error: invalid types ‘const int[int]’ for array subscript
   if(args[0] == args[1])
            ^
graph.cpp:87:23: error: invalid types ‘const int[int]’ for array subscript
   if(args[0] == args[1])
                       ^
graph.cpp:91:21: error: request for member ‘find’ in ‘edge_list’, which is of non-class type ‘int’
   else if(edge_list.find(args[0]) == edge_list.end())
                     ^
graph.cpp:91:32: error: invalid types ‘const int[int]’ for array subscript
   else if(edge_list.find(args[0]) == edge_list.end())
                                ^
graph.cpp:91:48: error: request for member ‘end’ in ‘edge_list’, which is of non-class type ‘int’
   else if(edge_list.find(args[0]) == edge_list.end())
                                                ^
graph.cpp:95:21: error: request for member ‘find’ in ‘edge_list’, which is of non-class type ‘int’
   else if(edge_list.find(args[1]) == edge_list.end())
                     ^
graph.cpp:95:32: error: invalid types ‘const int[int]’ for array subscript
   else if(edge_list.find(args[1]) == edge_list.end())
                                ^
graph.cpp:95:48: error: request for member ‘end’ in ‘edge_list’, which is of non-class type ‘int’
   else if(edge_list.find(args[1]) == edge_list.end())
                                                ^
graph.cpp:101:24: error: invalid types ‘const int[int]’ for array subscript
     if(edge_list[args[0]].find(args[1]) != edge_list[args[0]].end())
                        ^
graph.cpp:101:38: error: invalid types ‘const int[int]’ for array subscript
     if(edge_list[args[0]].find(args[1]) != edge_list[args[0]].end())
                                      ^
graph.cpp:101:60: error: invalid types ‘const int[int]’ for array subscript
     if(edge_list[args[0]].find(args[1]) != edge_list[args[0]].end())
                                                            ^
graph.cpp:107:23: error: invalid types ‘const int[int]’ for array subscript
       edge_list[args[0]].insert(args[1]);
                       ^
graph.cpp:107:39: error: invalid types ‘const int[int]’ for array subscript
       edge_list[args[0]].insert(args[1]);
                                       ^
graph.cpp:108:23: error: invalid types ‘const int[int]’ for array subscript
       edge_list[args[1]].insert(args[0]);
                       ^
graph.cpp:108:39: error: invalid types ‘const int[int]’ for array subscript
       edge_list[args[1]].insert(args[0]);
                                       ^
graph.cpp: At global scope:
graph.cpp:115:36: error: ‘u64’ was not declared in this scope
 bool remove_node(const std::vector<u64>& args)
                                    ^
graph.cpp:115:39: error: template argument 1 is invalid
 bool remove_node(const std::vector<u64>& args)
                                       ^
graph.cpp:115:39: error: template argument 2 is invalid
graph.cpp: In function ‘bool remove_node(const int&)’:
graph.cpp:118:16: error: request for member ‘find’ in ‘edge_list’, which is of non-class type ‘int’
   if(edge_list.find(args[0]) == edge_list.end())
                ^
graph.cpp:118:27: error: invalid types ‘const int[int]’ for array subscript
   if(edge_list.find(args[0]) == edge_list.end())
                           ^
graph.cpp:118:43: error: request for member ‘end’ in ‘edge_list’, which is of non-class type ‘int’
   if(edge_list.find(args[0]) == edge_list.end())
                                           ^
graph.cpp:124:24: error: ‘u64’ was not declared in this scope
     std::unordered_set<u64>::iterator it;
                        ^
graph.cpp:124:27: error: template argument 1 is invalid
     std::unordered_set<u64>::iterator it;
                           ^
graph.cpp:124:27: error: template argument 2 is invalid
graph.cpp:124:27: error: template argument 3 is invalid
graph.cpp:124:27: error: template argument 4 is invalid
graph.cpp:124:39: error: expected initializer before ‘it’
     std::unordered_set<u64>::iterator it;
                                       ^
graph.cpp:125:9: error: ‘it’ was not declared in this scope
     for(it = edge_list[args[0]].begin(); it != edge_list[args[0]].end(); it++)
         ^
graph.cpp:125:30: error: invalid types ‘const int[int]’ for array subscript
     for(it = edge_list[args[0]].begin(); it != edge_list[args[0]].end(); it++)
                              ^
graph.cpp:125:64: error: invalid types ‘const int[int]’ for array subscript
     for(it = edge_list[args[0]].begin(); it != edge_list[args[0]].end(); it++)
                                                                ^
graph.cpp:127:34: error: invalid types ‘const int[int]’ for array subscript
       edge_list[*it].erase(args[0]);
                                  ^
graph.cpp:129:15: error: request for member ‘erase’ in ‘edge_list’, which is of non-class type ‘int’
     edge_list.erase(args[0]);
               ^
graph.cpp:129:27: error: invalid types ‘const int[int]’ for array subscript
     edge_list.erase(args[0]);
                           ^
graph.cpp: At global scope:
graph.cpp:138:36: error: ‘u64’ was not declared in this scope
 bool remove_edge(const std::vector<u64>& args)
                                    ^
graph.cpp:138:39: error: template argument 1 is invalid
 bool remove_edge(const std::vector<u64>& args)
                                       ^
graph.cpp:138:39: error: template argument 2 is invalid
graph.cpp: In function ‘bool remove_edge(const int&)’:
graph.cpp:141:16: error: request for member ‘find’ in ‘edge_list’, which is of non-class type ‘int’
   if(edge_list.find(args[0]) == edge_list.end())
                ^
graph.cpp:141:27: error: invalid types ‘const int[int]’ for array subscript
   if(edge_list.find(args[0]) == edge_list.end())
                           ^
graph.cpp:141:43: error: request for member ‘end’ in ‘edge_list’, which is of non-class type ‘int’
   if(edge_list.find(args[0]) == edge_list.end())
                                           ^
graph.cpp:145:21: error: request for member ‘find’ in ‘edge_list’, which is of non-class type ‘int’
   else if(edge_list.find(args[1]) == edge_list.end())
                     ^
graph.cpp:145:32: error: invalid types ‘const int[int]’ for array subscript
   else if(edge_list.find(args[1]) == edge_list.end())
                                ^
graph.cpp:145:48: error: request for member ‘end’ in ‘edge_list’, which is of non-class type ‘int’
   else if(edge_list.find(args[1]) == edge_list.end())
                                                ^
graph.cpp:151:24: error: invalid types ‘const int[int]’ for array subscript
     if(edge_list[args[0]].find(args[1]) == edge_list[args[0]].end())
                        ^
graph.cpp:151:38: error: invalid types ‘const int[int]’ for array subscript
     if(edge_list[args[0]].find(args[1]) == edge_list[args[0]].end())
                                      ^
graph.cpp:151:60: error: invalid types ‘const int[int]’ for array subscript
     if(edge_list[args[0]].find(args[1]) == edge_list[args[0]].end())
                                                            ^
graph.cpp:157:23: error: invalid types ‘const int[int]’ for array subscript
       edge_list[args[0]].erase(args[1]);
                       ^
graph.cpp:157:38: error: invalid types ‘const int[int]’ for array subscript
       edge_list[args[0]].erase(args[1]);
                                      ^
graph.cpp:158:23: error: invalid types ‘const int[int]’ for array subscript
       edge_list[args[1]].erase(args[0]);
                       ^
graph.cpp:158:38: error: invalid types ‘const int[int]’ for array subscript
       edge_list[args[1]].erase(args[0]);
                                      ^
graph.cpp: At global scope:
graph.cpp:167:33: error: ‘u64’ was not declared in this scope
 bool get_node(const std::vector<u64>& args)
                                 ^
graph.cpp:167:36: error: template argument 1 is invalid
 bool get_node(const std::vector<u64>& args)
                                    ^
graph.cpp:167:36: error: template argument 2 is invalid
graph.cpp: In function ‘bool get_node(const int&)’:
graph.cpp:170:16: error: request for member ‘find’ in ‘edge_list’, which is of non-class type ‘int’
   if(edge_list.find(args[0]) == edge_list.end())
                ^
graph.cpp:170:27: error: invalid types ‘const int[int]’ for array subscript
   if(edge_list.find(args[0]) == edge_list.end())
                           ^
graph.cpp:170:43: error: request for member ‘end’ in ‘edge_list’, which is of non-class type ‘int’
   if(edge_list.find(args[0]) == edge_list.end())
                                           ^
graph.cpp: At global scope:
graph.cpp:184:32: error: ‘u64’ was not declared in this scope
 int get_edge(const std::vector<u64>& args)
                                ^
graph.cpp:184:35: error: template argument 1 is invalid
 int get_edge(const std::vector<u64>& args)
                                   ^
graph.cpp:184:35: error: template argument 2 is invalid
graph.cpp: In function ‘int get_edge(const int&)’:
graph.cpp:187:16: error: request for member ‘find’ in ‘edge_list’, which is of non-class type ‘int’
   if(edge_list.find(args[0]) == edge_list.end())
                ^
graph.cpp:187:27: error: invalid types ‘const int[int]’ for array subscript
   if(edge_list.find(args[0]) == edge_list.end())
                           ^
graph.cpp:187:43: error: request for member ‘end’ in ‘edge_list’, which is of non-class type ‘int’
   if(edge_list.find(args[0]) == edge_list.end())
                                           ^
graph.cpp:191:21: error: request for member ‘find’ in ‘edge_list’, which is of non-class type ‘int’
   else if(edge_list.find(args[1]) == edge_list.end())
                     ^
graph.cpp:191:32: error: invalid types ‘const int[int]’ for array subscript
   else if(edge_list.find(args[1]) == edge_list.end())
                                ^
graph.cpp:191:48: error: request for member ‘end’ in ‘edge_list’, which is of non-class type ‘int’
   else if(edge_list.find(args[1]) == edge_list.end())
                                                ^
graph.cpp:195:27: error: invalid types ‘const int[int]’ for array subscript
   else if(edge_list[args[0]].find(args[1]) == edge_list[args[0]].end())
                           ^
graph.cpp:195:41: error: invalid types ‘const int[int]’ for array subscript
   else if(edge_list[args[0]].find(args[1]) == edge_list[args[0]].end())
                                         ^
graph.cpp:195:63: error: invalid types ‘const int[int]’ for array subscript
   else if(edge_list[args[0]].find(args[1]) == edge_list[args[0]].end())
                                                               ^
graph.cpp: At global scope:
graph.cpp:208:38: error: ‘u64’ was not declared in this scope
 bool get_neighbors(const std::vector<u64>& args, std::vector<u64>& list)
                                      ^
graph.cpp:208:41: error: template argument 1 is invalid
 bool get_neighbors(const std::vector<u64>& args, std::vector<u64>& list)
                                         ^
graph.cpp:208:41: error: template argument 2 is invalid
graph.cpp:208:62: error: ‘u64’ was not declared in this scope
 bool get_neighbors(const std::vector<u64>& args, std::vector<u64>& list)
                                                              ^
graph.cpp:208:65: error: template argument 1 is invalid
 bool get_neighbors(const std::vector<u64>& args, std::vector<u64>& list)
                                                                 ^
graph.cpp:208:65: error: template argument 2 is invalid
graph.cpp: In function ‘bool get_neighbors(const int&, int&)’:
graph.cpp:211:16: error: request for member ‘find’ in ‘edge_list’, which is of non-class type ‘int’
   if(edge_list.find(args[0]) == edge_list.end())
                ^
graph.cpp:211:27: error: invalid types ‘const int[int]’ for array subscript
   if(edge_list.find(args[0]) == edge_list.end())
                           ^
graph.cpp:211:43: error: request for member ‘end’ in ‘edge_list’, which is of non-class type ‘int’
   if(edge_list.find(args[0]) == edge_list.end())
                                           ^
graph.cpp:217:10: error: request for member ‘insert’ in ‘list’, which is of non-class type ‘int’
     list.insert(list.end(), edge_list[args[0]].begin(), edge_list[args[0]].end());
          ^
graph.cpp:217:22: error: request for member ‘end’ in ‘list’, which is of non-class type ‘int’
     list.insert(list.end(), edge_list[args[0]].begin(), edge_list[args[0]].end());
                      ^
graph.cpp:217:45: error: invalid types ‘const int[int]’ for array subscript
     list.insert(list.end(), edge_list[args[0]].begin(), edge_list[args[0]].end());
                                             ^
graph.cpp:217:73: error: invalid types ‘const int[int]’ for array subscript
     list.insert(list.end(), edge_list[args[0]].begin(), edge_list[args[0]].end());
                                                                         ^
graph.cpp: At global scope:
graph.cpp:226:37: error: ‘u64’ was not declared in this scope
 int shortest_path(const std::vector<u64>& args)
                                     ^
graph.cpp:226:40: error: template argument 1 is invalid
 int shortest_path(const std::vector<u64>& args)
                                        ^
graph.cpp:226:40: error: template argument 2 is invalid
graph.cpp: In function ‘int shortest_path(const int&)’:
graph.cpp:229:16: error: request for member ‘find’ in ‘edge_list’, which is of non-class type ‘int’
   if(edge_list.find(args[0]) == edge_list.end())
                ^
graph.cpp:229:27: error: invalid types ‘const int[int]’ for array subscript
   if(edge_list.find(args[0]) == edge_list.end())
                           ^
graph.cpp:229:43: error: request for member ‘end’ in ‘edge_list’, which is of non-class type ‘int’
   if(edge_list.find(args[0]) == edge_list.end())
                                           ^
graph.cpp:233:21: error: request for member ‘find’ in ‘edge_list’, which is of non-class type ‘int’
   else if(edge_list.find(args[1]) == edge_list.end())
                     ^
graph.cpp:233:32: error: invalid types ‘const int[int]’ for array subscript
   else if(edge_list.find(args[1]) == edge_list.end())
                                ^
graph.cpp:233:48: error: request for member ‘end’ in ‘edge_list’, which is of non-class type ‘int’
   else if(edge_list.find(args[1]) == edge_list.end())
                                                ^
graph.cpp:238:22: error: ‘u64’ was not declared in this scope
   std::unordered_set<u64> visited;
                      ^
graph.cpp:238:25: error: template argument 1 is invalid
   std::unordered_set<u64> visited;
                         ^
graph.cpp:238:25: error: template argument 2 is invalid
graph.cpp:238:25: error: template argument 3 is invalid
graph.cpp:238:25: error: template argument 4 is invalid
graph.cpp:238:34: error: invalid type in declaration before ‘;’ token
   std::unordered_set<u64> visited;
                                  ^
graph.cpp:239:24: error: the value of ‘u64’ is not usable in a constant expression
   std::queue<std::pair<u64, u64>> dijkq;
                        ^
graph.cpp:238:22: note: ‘u64’ was not declared ‘constexpr’
   std::unordered_set<u64> visited;
                      ^
graph.cpp:239:29: error: the value of ‘u64’ is not usable in a constant expression
   std::queue<std::pair<u64, u64>> dijkq;
                             ^
graph.cpp:238:22: note: ‘u64’ was not declared ‘constexpr’
   std::unordered_set<u64> visited;
                      ^
graph.cpp:239:29: error: type/value mismatch at argument 1 in template parameter list for ‘template<class _T1, class _T2> struct std::pair’
   std::queue<std::pair<u64, u64>> dijkq;
                             ^
graph.cpp:239:29: error:   expected a type, got ‘u64’
graph.cpp:239:29: error: type/value mismatch at argument 2 in template parameter list for ‘template<class _T1, class _T2> struct std::pair’
graph.cpp:239:29: error:   expected a type, got ‘u64’
graph.cpp:239:32: error: template argument 1 is invalid
   std::queue<std::pair<u64, u64>> dijkq;
                                ^
graph.cpp:239:32: error: template argument 2 is invalid
graph.cpp:239:40: error: invalid type in declaration before ‘;’ token
   std::queue<std::pair<u64, u64>> dijkq;
                                        ^
graph.cpp:240:9: error: request for member ‘push’ in ‘dijkq’, which is of non-class type ‘int’
   dijkq.push(std::make_pair(args[0], 0));
         ^
graph.cpp:240:35: error: invalid types ‘const int[int]’ for array subscript
   dijkq.push(std::make_pair(args[0], 0));
                                   ^
graph.cpp:241:11: error: request for member ‘insert’ in ‘visited’, which is of non-class type ‘int’
   visited.insert(args[0]);
           ^
graph.cpp:241:24: error: invalid types ‘const int[int]’ for array subscript
   visited.insert(args[0]);
                        ^
graph.cpp:243:16: error: request for member ‘empty’ in ‘dijkq’, which is of non-class type ‘int’
   while(!dijkq.empty())
                ^
graph.cpp:245:15: error: the value of ‘u64’ is not usable in a constant expression
     std::pair<u64, u64> cur = dijkq.front();
               ^
graph.cpp:238:22: note: ‘u64’ was not declared ‘constexpr’
   std::unordered_set<u64> visited;
                      ^
graph.cpp:245:20: error: the value of ‘u64’ is not usable in a constant expression
     std::pair<u64, u64> cur = dijkq.front();
                    ^
graph.cpp:238:22: note: ‘u64’ was not declared ‘constexpr’
   std::unordered_set<u64> visited;
                      ^
graph.cpp:245:23: error: type/value mismatch at argument 1 in template parameter list for ‘template<class _T1, class _T2> struct std::pair’
     std::pair<u64, u64> cur = dijkq.front();
                       ^
graph.cpp:245:23: error:   expected a type, got ‘u64’
graph.cpp:245:23: error: type/value mismatch at argument 2 in template parameter list for ‘template<class _T1, class _T2> struct std::pair’
graph.cpp:245:23: error:   expected a type, got ‘u64’
graph.cpp:245:29: error: invalid type in declaration before ‘=’ token
     std::pair<u64, u64> cur = dijkq.front();
                             ^
graph.cpp:245:37: error: request for member ‘front’ in ‘dijkq’, which is of non-class type ‘int’
     std::pair<u64, u64> cur = dijkq.front();
                                     ^
graph.cpp:246:11: error: request for member ‘pop’ in ‘dijkq’, which is of non-class type ‘int’
     dijkq.pop();
           ^
graph.cpp:247:12: error: request for member ‘first’ in ‘cur’, which is of non-class type ‘int’
     if(cur.first == args[1])
            ^
graph.cpp:247:27: error: invalid types ‘const int[int]’ for array subscript
     if(cur.first == args[1])
                           ^
graph.cpp:249:18: error: request for member ‘second’ in ‘cur’, which is of non-class type ‘int’
       return cur.second;
                  ^
graph.cpp:251:24: error: the value of ‘u64’ is not usable in a constant expression
     std::unordered_set<u64>::iterator it;
                        ^
graph.cpp:238:22: note: ‘u64’ was not declared ‘constexpr’
   std::unordered_set<u64> visited;
                      ^
graph.cpp:251:27: error: type/value mismatch at argument 1 in template parameter list for ‘template<class _Value, class _Hash, class _Pred, class _Alloc> class std::unordered_set’
     std::unordered_set<u64>::iterator it;
                           ^
graph.cpp:251:27: error:   expected a type, got ‘u64’
graph.cpp:251:27: error: template argument 2 is invalid
graph.cpp:251:27: error: template argument 3 is invalid
graph.cpp:251:27: error: template argument 4 is invalid
graph.cpp:251:39: error: expected initializer before ‘it’
     std::unordered_set<u64>::iterator it;
                                       ^
graph.cpp:252:9: error: ‘it’ was not declared in this scope
     for(it = edge_list[cur.first].begin(); it != edge_list[cur.first].end(); it++)
         ^
graph.cpp:252:28: error: request for member ‘first’ in ‘cur’, which is of non-class type ‘int’
     for(it = edge_list[cur.first].begin(); it != edge_list[cur.first].end(); it++)
                            ^
graph.cpp:252:64: error: request for member ‘first’ in ‘cur’, which is of non-class type ‘int’
     for(it = edge_list[cur.first].begin(); it != edge_list[cur.first].end(); it++)
                                                                ^
graph.cpp:254:19: error: request for member ‘find’ in ‘visited’, which is of non-class type ‘int’
        if(visited.find(*it) != visited.end())
                   ^
graph.cpp:254:40: error: request for member ‘end’ in ‘visited’, which is of non-class type ‘int’
        if(visited.find(*it) != visited.end())
                                        ^
graph.cpp:260:18: error: request for member ‘insert’ in ‘visited’, which is of non-class type ‘int’
          visited.insert(*it);
                  ^
graph.cpp:261:16: error: request for member ‘push’ in ‘dijkq’, which is of non-class type ‘int’
          dijkq.push(std::make_pair(*it, cur.second+1));
                ^
graph.cpp:261:45: error: request for member ‘second’ in ‘cur’, which is of non-class type ‘int’
          dijkq.push(std::make_pair(*it, cur.second+1));
                                             ^
graph.cpp: At global scope:
graph.cpp:270:71: error: ‘u64’ was not declared in this scope
 static void exec_command(const std::string& method, const std::vector<u64>& args, struct http_message* p, struct mg_connection*& nc)
                                                                       ^
graph.cpp:270:74: error: template argument 1 is invalid
 static void exec_command(const std::string& method, const std::vector<u64>& args, struct http_message* p, struct mg_connection*& nc)
                                                                          ^
graph.cpp:270:74: error: template argument 2 is invalid
graph.cpp: In function ‘void exec_command(const string&, const int&, http_message*, mg_connection*&)’:
graph.cpp:276:13: error: request for member ‘size’ in ‘args’, which is of non-class type ‘const int’
     if(args.size() != 1)
             ^
graph.cpp:278:77: error: request for member ‘size’ in ‘args’, which is of non-class type ‘const int’
       fprintf(fp, "Number of args does not match in add_node: %lu \n", args.size());
                                                                             ^
graph.cpp:283:76: error: invalid types ‘const int[int]’ for array subscript
     count = json_emit(buf, sizeof(buf), "{ s: i }", "node_id", (long)args[0]);
                                                                            ^
graph.cpp:294:69: error: invalid types ‘const int[int]’ for array subscript
       printf("adding node %llu in log\n", (unsigned long long)args[0]);
                                                                     ^
graph.cpp:295:74: error: ‘lastblock’ was not declared in this scope
       printf("last block: %llu, last entry: %llu\n", (unsigned long long)lastblock, (unsigned long long)lastentry);
                                                                          ^
graph.cpp:295:105: error: ‘lastentry’ was not declared in this scope
       printf("last block: %llu, last entry: %llu\n", (unsigned long long)lastblock, (unsigned long long)lastentry);
                                                                                                         ^
graph.cpp:296:16: error: ‘storageLogp’ was not declared in this scope
       result = storageLogp->update_log(ADD_NODE, args[0], 0);
                ^
graph.cpp:296:40: error: ‘ADD_NODE’ was not declared in this scope
       result = storageLogp->update_log(ADD_NODE, args[0], 0);
                                        ^
graph.cpp:296:56: error: invalid types ‘const int[int]’ for array subscript
       result = storageLogp->update_log(ADD_NODE, args[0], 0);
                                                        ^
graph.cpp:316:13: error: request for member ‘size’ in ‘args’, which is of non-class type ‘const int’
     if(args.size() != 2)
             ^
graph.cpp:318:77: error: request for member ‘size’ in ‘args’, which is of non-class type ‘const int’
       fprintf(fp, "Number of args does not match in add_edge: %lu \n", args.size());
                                                                             ^
graph.cpp:323:84: error: invalid types ‘const int[int]’ for array subscript
     count = json_emit(buf, sizeof(buf), "{ s: i, s: i }", "node_a_id", (long)args[0], "node_b_id", (long)args[1]);
                                                                                    ^
graph.cpp:323:112: error: invalid types ‘const int[int]’ for array subscript
     count = json_emit(buf, sizeof(buf), "{ s: i, s: i }", "node_a_id", (long)args[0], "node_b_id", (long)args[1]);
                                                                                                                ^
graph.cpp:333:77: error: invalid types ‘const int[int]’ for array subscript
       printf("adding edge (%llu, %llu) in log\n", (unsigned long long)args[0], (unsigned long long)args[1]);
                                                                             ^
graph.cpp:333:106: error: invalid types ‘const int[int]’ for array subscript
       printf("adding edge (%llu, %llu) in log\n", (unsigned long long)args[0], (unsigned long long)args[1]);
                                                                                                          ^
graph.cpp:334:74: error: ‘lastblock’ was not declared in this scope
       printf("last block: %llu, last entry: %llu\n", (unsigned long long)lastblock, (unsigned long long)lastentry);
                                                                          ^
graph.cpp:334:105: error: ‘lastentry’ was not declared in this scope
       printf("last block: %llu, last entry: %llu\n", (unsigned long long)lastblock, (unsigned long long)lastentry);
                                                                                                         ^
graph.cpp:335:16: error: ‘storageLogp’ was not declared in this scope
       result = storageLogp->update_log(ADD_EDGE, args[0], args[1]);
                ^
graph.cpp:335:40: error: ‘ADD_EDGE’ was not declared in this scope
       result = storageLogp->update_log(ADD_EDGE, args[0], args[1]);
                                        ^
graph.cpp:335:56: error: invalid types ‘const int[int]’ for array subscript
       result = storageLogp->update_log(ADD_EDGE, args[0], args[1]);
                                                        ^
graph.cpp:335:65: error: invalid types ‘const int[int]’ for array subscript
       result = storageLogp->update_log(ADD_EDGE, args[0], args[1]);
                                                                 ^
graph.cpp:363:13: error: request for member ‘size’ in ‘args’, which is of non-class type ‘const int’
     if(args.size() != 1)
             ^
graph.cpp:365:80: error: request for member ‘size’ in ‘args’, which is of non-class type ‘const int’
       fprintf(fp, "Number of args does not match in remove_node: %lu \n", args.size());
                                                                                ^
graph.cpp:372:76: error: invalid types ‘const int[int]’ for array subscript
     count = json_emit(buf, sizeof(buf), "{ s: i }", "node_id", (long)args[0]);
                                                                            ^
graph.cpp:381:71: error: invalid types ‘const int[int]’ for array subscript
       printf("removing node %llu in log\n", (unsigned long long)args[0]);
                                                                       ^
graph.cpp:382:74: error: ‘lastblock’ was not declared in this scope
       printf("last block: %llu, last entry: %llu\n", (unsigned long long)lastblock, (unsigned long long)lastentry);
                                                                          ^
graph.cpp:382:105: error: ‘lastentry’ was not declared in this scope
       printf("last block: %llu, last entry: %llu\n", (unsigned long long)lastblock, (unsigned long long)lastentry);
                                                                                                         ^
graph.cpp:383:16: error: ‘storageLogp’ was not declared in this scope
       result = storageLogp->update_log(REMOVE_NODE, args[0], 0);
                ^
graph.cpp:383:40: error: ‘REMOVE_NODE’ was not declared in this scope
       result = storageLogp->update_log(REMOVE_NODE, args[0], 0);
                                        ^
graph.cpp:383:59: error: invalid types ‘const int[int]’ for array subscript
       result = storageLogp->update_log(REMOVE_NODE, args[0], 0);
                                                           ^
graph.cpp:402:13: error: request for member ‘size’ in ‘args’, which is of non-class type ‘const int’
     if(args.size() != 2)
             ^
graph.cpp:404:80: error: request for member ‘size’ in ‘args’, which is of non-class type ‘const int’
       fprintf(fp, "Number of args does not match in remove_edge: %lu \n", args.size());
                                                                                ^
graph.cpp:411:84: error: invalid types ‘const int[int]’ for array subscript
     count = json_emit(buf, sizeof(buf), "{ s: i, s: i }", "node_a_id", (long)args[0], "node_b_id", (long)args[1]);
                                                                                    ^
graph.cpp:411:112: error: invalid types ‘const int[int]’ for array subscript
     count = json_emit(buf, sizeof(buf), "{ s: i, s: i }", "node_a_id", (long)args[0], "node_b_id", (long)args[1]);
                                                                                                                ^
graph.cpp:422:79: error: invalid types ‘const int[int]’ for array subscript
       printf("removing edge (%llu, %llu) in log\n", (unsigned long long)args[0], (unsigned long long)args[1]);
                                                                               ^
graph.cpp:422:108: error: invalid types ‘const int[int]’ for array subscript
       printf("removing edge (%llu, %llu) in log\n", (unsigned long long)args[0], (unsigned long long)args[1]);
                                                                                                            ^
graph.cpp:423:74: error: ‘lastblock’ was not declared in this scope
       printf("last block: %llu, last entry: %llu\n", (unsigned long long)lastblock, (unsigned long long)lastentry);
                                                                          ^
graph.cpp:423:105: error: ‘lastentry’ was not declared in this scope
       printf("last block: %llu, last entry: %llu\n", (unsigned long long)lastblock, (unsigned long long)lastentry);
                                                                                                         ^
graph.cpp:424:16: error: ‘storageLogp’ was not declared in this scope
       result = storageLogp->update_log(REMOVE_EDGE, args[0], args[1]);
                ^
graph.cpp:424:40: error: ‘REMOVE_EDGE’ was not declared in this scope
       result = storageLogp->update_log(REMOVE_EDGE, args[0], args[1]);
                                        ^
graph.cpp:424:59: error: invalid types ‘const int[int]’ for array subscript
       result = storageLogp->update_log(REMOVE_EDGE, args[0], args[1]);
                                                           ^
graph.cpp:424:68: error: invalid types ‘const int[int]’ for array subscript
       result = storageLogp->update_log(REMOVE_EDGE, args[0], args[1]);
                                                                    ^
graph.cpp:443:13: error: request for member ‘size’ in ‘args’, which is of non-class type ‘const int’
     if(args.size() != 1)
             ^
graph.cpp:445:77: error: request for member ‘size’ in ‘args’, which is of non-class type ‘const int’
       fprintf(fp, "Number of args does not match in get_node: %lu \n", args.size());
                                                                             ^
graph.cpp:470:13: error: request for member ‘size’ in ‘args’, which is of non-class type ‘const int’
     if(args.size() != 2)
             ^
graph.cpp:472:77: error: request for member ‘size’ in ‘args’, which is of non-class type ‘const int’
       fprintf(fp, "Number of args does not match in get_edge: %lu \n", args.size());
                                                                             ^
graph.cpp:509:13: error: request for member ‘size’ in ‘args’, which is of non-class type ‘const int’
     if(args.size() != 1)
             ^
graph.cpp:511:82: error: request for member ‘size’ in ‘args’, which is of non-class type ‘const int’
       fprintf(fp, "Number of args does not match in get_neighbors: %lu \n", args.size());
                                                                                  ^
graph.cpp:515:17: error: ‘u64’ was not declared in this scope
     std::vector<u64> list;
                 ^
graph.cpp:515:20: error: template argument 1 is invalid
     std::vector<u64> list;
                    ^
graph.cpp:515:20: error: template argument 2 is invalid
graph.cpp:515:26: error: invalid type in declaration before ‘;’ token
     std::vector<u64> list;
                          ^
graph.cpp:519:77: error: invalid types ‘const int[int]’ for array subscript
     count = json_emit(buf, sizeof(buf), "{ s: i , ", "node_id", (long)args[0]);
                                                                             ^
graph.cpp:524:32: error: request for member ‘size’ in ‘list’, which is of non-class type ‘int’
     for(size_t i = 0; i < list.size(); i++)
                                ^
graph.cpp:526:20: error: request for member ‘size’ in ‘list’, which is of non-class type ‘int’
       if(i != list.size()-1)
                    ^
graph.cpp:528:64: error: invalid types ‘int[size_t {aka long unsigned int}]’ for array subscript
         count += json_emit(bp, sizeof(buf)-count, "i, ", list[i]);
                                                                ^
graph.cpp:532:62: error: invalid types ‘int[size_t {aka long unsigned int}]’ for array subscript
         count += json_emit(bp, sizeof(buf)-count, "i", list[i]);
                                                              ^
graph.cpp:557:13: error: request for member ‘size’ in ‘args’, which is of non-class type ‘const int’
     if(args.size() != 2)
             ^
graph.cpp:559:82: error: request for member ‘size’ in ‘args’, which is of non-class type ‘const int’
       fprintf(fp, "Number of args does not match in shortest_path: %lu \n", args.size());
                                                                                  ^
graph.cpp:566:85: error: invalid types ‘const int[int]’ for array subscript
       count = json_emit(buf, sizeof(buf), "{ s: i, s: i } ", "node_id", (long)args[0], "distance", (long)status);
                                                                                     ^
graph.cpp:593:8: error: ‘storageLogp’ was not declared in this scope
     if(storageLogp->checkpoint(fd) < 0) {
        ^
graph.cpp: In function ‘void parse_exec_command(http_message*, mg_connection*&)’:
graph.cpp:618:15: error: ‘u64’ was not declared in this scope
   std::vector<u64> args;
               ^
graph.cpp:618:18: error: template argument 1 is invalid
   std::vector<u64> args;
                  ^
graph.cpp:618:18: error: template argument 2 is invalid
graph.cpp:618:24: error: invalid type in declaration before ‘;’ token
   std::vector<u64> args;
                        ^
graph.cpp:629:37: error: request for member ‘size’ in ‘args’, which is of non-class type ‘int’
   printf("We have %lu args\n", args.size());
                                     ^
graph.cpp:630:30: error: request for member ‘size’ in ‘args’, which is of non-class type ‘int’
   for(size_t i = 0; i < args.size(); i++)
                              ^
graph.cpp:632:35: error: invalid types ‘int[size_t {aka long unsigned int}]’ for array subscript
     fprintf(fp, "%" PRIu64, args[i]);
                                   ^
graph.cpp:633:30: error: invalid types ‘int[size_t {aka long unsigned int}]’ for array subscript
     printf("%" PRIu64, args[i]);
                              ^
graph.cpp: In function ‘int main(int, char**)’:
graph.cpp:659:3: error: ‘lastblock’ was not declared in this scope
   lastblock = LOGSTARTBLOCK;
   ^
graph.cpp:659:15: error: ‘LOGSTARTBLOCK’ was not declared in this scope
   lastblock = LOGSTARTBLOCK;
               ^
graph.cpp:660:3: error: ‘lastentry’ was not declared in this scope
   lastentry = 0;
   ^
graph.cpp:688:3: error: ‘storageLogp’ was not declared in this scope
   storageLogp = new StorageLog(edge_list, fd, lastblock, lastentry);
   ^
graph.cpp:688:21: error: expected type-specifier before ‘StorageLog’
   storageLogp = new StorageLog(edge_list, fd, lastblock, lastentry);
                     ^
graph.cpp:688:21: error: expected ‘;’ before ‘StorageLog’
graph.cpp: In function ‘bool add_node(const int&)’:
graph.cpp:79:1: warning: control reaches end of non-void function [-Wreturn-type]
 }
 ^
graph.cpp: In function ‘int add_edge(const int&)’:
graph.cpp:112:1: warning: control reaches end of non-void function [-Wreturn-type]
 }
 ^
graph.cpp: In function ‘bool remove_node(const int&)’:
graph.cpp:132:1: warning: control reaches end of non-void function [-Wreturn-type]
 }
 ^
graph.cpp: In function ‘bool remove_edge(const int&)’:
graph.cpp:162:1: warning: control reaches end of non-void function [-Wreturn-type]
 }
 ^
graph.cpp: In function ‘bool get_node(const int&)’:
graph.cpp:178:1: warning: control reaches end of non-void function [-Wreturn-type]
 }
 ^
graph.cpp: In function ‘int get_edge(const int&)’:
graph.cpp:203:1: warning: control reaches end of non-void function [-Wreturn-type]
 }
 ^
graph.cpp: In function ‘bool get_neighbors(const int&, int&)’:
graph.cpp:220:1: warning: control reaches end of non-void function [-Wreturn-type]
 }
 ^
make: *** [graph.o] Error 1
